<?xml version="1.0" encoding="utf-8"?><testsuites><testsuite errors="0" failures="0" hostname="C02X823JJGH5" name="pytest" skipped="0" tests="0" time="0.009" timestamp="2020-05-07T17:53:43.967090"></testsuite></testsuites>